<?xml version="1.0" encoding="UTF-8"?>
<testsuite name="models.SquadTest" tests="8" skipped="0" failures="0" errors="0" timestamp="2021-08-11T13:18:34" hostname="karuu-HP-EliteBook-8470p" time="0.055">
  <properties/>
  <testcase name="checkIfYouCanFindSquadBy_Id()" classname="models.SquadTest" time="0.034"/>
  <testcase name="DeleteSquads()" classname="models.SquadTest" time="0.001"/>
  <testcase name="checkIfTheWholeSquadContainsAllObjects()" classname="models.SquadTest" time="0.003"/>
  <testcase name="checkIfIntegerIsCorrectWithTotalSize()" classname="models.SquadTest" time="0.003"/>
  <testcase name="checkIfStringSquadIsCorrectWithName()" classname="models.SquadTest" time="0.001"/>
  <testcase name="checkIfAllSquadAreReturnedCorrectly()" classname="models.SquadTest" time="0.001"/>
  <testcase name="checkIfStringIsCorrectWithPurpose()" classname="models.SquadTest" time="0.002"/>
  <testcase name="checkSquadIfItsObjectsAre_true()" classname="models.SquadTest" time="0.001"/>
  <system-out><![CDATA[]]></system-out>
  <system-err><![CDATA[]]></system-err>
</testsuite>
